2018-10-09T10:27:00+02:00 [ ****************** ] 
2018-10-09T10:27:00+02:00 [ ./enqueue_job ] Enqueue : echo this
2018-10-09T10:27:00+02:00 [ ./enqueue_job ] Queue job id : 0
2018-10-09T10:27:00+02:00 [ ****************** ] 
2018-10-09T10:27:35+02:00 [ ****************** ] 
2018-10-09T10:27:35+02:00 [ ./enqueue_job ] Enqueue : echo echo this that
2018-10-09T10:27:35+02:00 [ ./enqueue_job ] Queue job id : 1
2018-10-09T10:27:35+02:00 [ ****************** ] 
2018-10-09T14:43:41+02:00 [ ****************** ] 
2018-10-09T14:43:41+02:00 [ ./enqueue_job ] Enqueue : echo "this/that/ for/you" "argument2" >> datacollector.log
2018-10-09T14:43:41+02:00 [ ./enqueue_job ] Queue job id : 2
2018-10-09T14:43:41+02:00 [ ****************** ] 
this
2018-10-09T14:44:50+02:00 [ ****************** ] 
2018-10-09T14:44:50+02:00 [ ./enqueue_job ] Enqueue : echo "this/that/ for/you" "argument2" >> datacollector.log
2018-10-09T14:44:50+02:00 [ ./enqueue_job ] Queue job id : 3
2018-10-09T14:44:50+02:00 [ ****************** ] 
2018-10-09T14:45:37+02:00 [ ****************** ] 
2018-10-09T14:45:37+02:00 [ ./enqueue_job ] Enqueue : echo "this/that/ for/you">> datacollector.log
2018-10-09T14:45:37+02:00 [ ./enqueue_job ] Queue job id : 4
2018-10-09T14:45:37+02:00 [ ****************** ] 
his/thét/ for/you
5
2018-10-09T14:47:31+02:00 [ ****************** ] 
2018-10-09T14:47:31+02:00 [ ./enqueue_job ] Enqueue : echo "this/that/ for/you">> datacollector.log
2018-10-09T14:47:31+02:00 [ ./enqueue_job ] Queue job id : 9
2018-10-09T14:47:31+02:00 [ ****************** ] 
2018-10-09T14:47:55+02:00 [ ****************** ] 
2018-10-09T14:47:55+02:00 [ ./enqueue_job ] Enqueue : echo 'this/that/ for/you'>> datacollector.log
2018-10-09T14:47:55+02:00 [ ./enqueue_job ] Queue job id : 10
2018-10-09T14:47:55+02:00 [ ****************** ] 
2018-10-09T14:48:28+02:00 [ ****************** ] 
2018-10-09T14:48:28+02:00 [ ./enqueue_job ] Enqueue : ./log
2018-10-09T14:48:28+02:00 [ ./enqueue_job ] Queue job id : 11
2018-10-09T14:48:28+02:00 [ bash ] thos/
2018-10-09T14:48:28+02:00 [ ****************** ] 
2018-10-09T14:48:51+02:00 [ ****************** ] 
2018-10-09T14:48:51+02:00 [ ./enqueue_job ] Enqueue : ./log
2018-10-09T14:48:51+02:00 [ bash ] thos/
2018-10-09T14:48:51+02:00 [ ./enqueue_job ] Queue job id : 12
2018-10-09T14:48:51+02:00 [ ****************** ] 
2018-10-09T14:49:03+02:00 [ ****************** ] 
2018-10-09T14:49:03+02:00 [ ./enqueue_job ] Enqueue : ./log
2018-10-09T14:49:03+02:00 [ ./enqueue_job ] Queue job id : 13
2018-10-09T14:49:03+02:00 [ bash ] 'thos/
2018-10-09T14:49:03+02:00 [ ****************** ] 
2018-10-09T14:50:03+02:00 [ ****************** ] 
2018-10-09T14:50:03+02:00 [ ./enqueue_job ] Enqueue : ./log
2018-10-09T14:50:03+02:00 [ ./enqueue_job ] Queue job id : 14
2018-10-09T14:50:03+02:00 [ bash ] thos\
2018-10-09T14:50:03+02:00 [ ****************** ] 
2018-10-09T14:50:14+02:00 [ ****************** ] 
2018-10-09T14:50:14+02:00 [ ./enqueue_job ] Enqueue : ./log
2018-10-09T14:50:14+02:00 [ bash ] 'thos\
2018-10-09T14:50:14+02:00 [ ./enqueue_job ] Queue job id : 15
2018-10-09T14:50:14+02:00 [ ****************** ] 
2018-10-09T14:50:27+02:00 [ ****************** ] 
2018-10-09T14:50:27+02:00 [ ./enqueue_job ] Enqueue : ./log
2018-10-09T14:50:27+02:00 [ ./enqueue_job ] Queue job id : 16
2018-10-09T14:50:27+02:00 [ bash ] "thos
2018-10-09T14:50:27+02:00 [ ****************** ] 
2018-10-09T14:51:15+02:00 [ ****************** ] 
2018-10-09T14:51:15+02:00 [ ./enqueue_job ] Enqueue : ./log
2018-10-09T14:51:15+02:00 [ ./enqueue_job ] Queue job id : 17
2018-10-09T14:51:15+02:00 [ bash ] "thos\
2018-10-09T14:51:15+02:00 [ ****************** ] 
2018-10-09T14:51:55+02:00 [ ****************** ] 
2018-10-09T14:51:55+02:00 [ ./enqueue_job ] Enqueue : ./log
2018-10-09T14:51:55+02:00 [ bash ] \'thos\
2018-10-09T14:51:55+02:00 [ ./enqueue_job ] Queue job id : 18
2018-10-09T14:51:55+02:00 [ ****************** ] 
2018-10-09T14:53:42+02:00 [ ****************** ] 
2018-10-09T14:53:42+02:00 [ ./enqueue_job ] Enqueue : './log
2018-10-09T14:53:42+02:00 [ ./enqueue_job ] Queue job id : 19
2018-10-09T14:53:42+02:00 [ ****************** ] 
2018-10-09T14:54:19+02:00 [ ****************** ] 
2018-10-09T14:54:19+02:00 [ ./enqueue_job ] Enqueue : ./log
2018-10-09T14:54:19+02:00 [ ./enqueue_job ] Queue job id : 20
2018-10-09T14:54:19+02:00 [ ****************** ] 
2018-10-09T14:54:57+02:00 [ ****************** ] 
2018-10-09T14:54:57+02:00 [ ./enqueue_job ] Enqueue : ./log bash thos\ for/you
2018-10-09T14:54:57+02:00 [ ./enqueue_job ] Queue job id : 21
2018-10-09T14:54:57+02:00 [ ****************** ] 
2018-10-09T14:55:29+02:00 [ ****************** ] 
2018-10-09T14:55:29+02:00 [ ./enqueue_job ] Enqueue : './log bash thos\ for/you'
2018-10-09T14:55:29+02:00 [ ./enqueue_job ] Queue job id : 22
2018-10-09T14:55:29+02:00 [ ****************** ] 
2018-10-09T14:56:13+02:00 [ ****************** ] 
2018-10-09T14:56:13+02:00 [ ./enqueue_job ] Enqueue : './log bash thos\ for/you'
2018-10-09T14:56:13+02:00 [ ./enqueue_job ] Queue job id : 23
2018-10-09T14:56:13+02:00 [ bash ] thos\
2018-10-09T14:56:13+02:00 [ ****************** ] 
2018-10-09T14:57:05+02:00 [ ****************** ] 
2018-10-09T14:57:05+02:00 [ ./enqueue_job ] Enqueue : 'bash thos\ for/you'
2018-10-09T14:57:05+02:00 [ bash ] thos\
2018-10-09T14:57:05+02:00 [ ./enqueue_job ] Queue job id : 24
2018-10-09T14:57:05+02:00 [ ****************** ] 
2018-10-09T14:57:17+02:00 [ ****************** ] 
2018-10-09T14:57:17+02:00 [ ./enqueue_job ] Enqueue : 'bash thos\ for/you'
2018-10-09T14:57:17+02:00 [ bash ] thos\
2018-10-09T14:57:17+02:00 [ ./enqueue_job ] Queue job id : 25
2018-10-09T14:57:17+02:00 [ ****************** ] 
2018-10-09T14:57:43+02:00 [ ****************** ] 
2018-10-09T14:57:43+02:00 [ ./enqueue_job ] Enqueue : ./log bash thos\ for/you
2018-10-09T14:57:43+02:00 [ bash ] thos\
2018-10-09T14:57:43+02:00 [ ./enqueue_job ] Queue job id : 26
2018-10-09T14:57:43+02:00 [ ****************** ] 
2018-10-09T14:58:38+02:00 [ ****************** ] 
2018-10-09T14:58:38+02:00 [ ./enqueue_job ] Enqueue : ./log bash thos\ for/you
2018-10-09T14:58:38+02:00 [ $ARGS ] 
2018-10-09T14:58:38+02:00 [ ./enqueue_job ] Queue job id : 27
2018-10-09T14:58:38+02:00 [ ****************** ] 
2018-10-09T14:58:58+02:00 [ ****************** ] 
2018-10-09T14:58:58+02:00 [ ./enqueue_job ] Enqueue : ./log bash thos\ for/you
2018-10-09T14:58:58+02:00 [ ./enqueue_job ] Queue job id : 28
2018-10-09T14:58:58+02:00 [ "bash ] thos\
2018-10-09T14:58:58+02:00 [ ****************** ] 
